2013-05-03 13:29:03,805 INFO  myApp-2013.05.03.12.27.49 v2013.05.03.12.27.49 CHROME:26.0.1410.43 anonymous aws-26458-backend@HandelsbeziehungEinschraenkungenErgaenzer: wendeEinschraenkungenAn dauerte 0,116
2013-05-03 13:29:03,880 INFO  myApp-2013.05.03.12.27.49 v2013.05.03.12.27.49 CHROME:26.0.1410.43 anonymous aws-26458-backend@EffektiveHandelsbeziehungenService: ermittleEffektiveHandelsbeziehungen dauerte 0,001
2013-05-03 13:29:05,074 INFO  myApp-2013.05.03.12.27.49 v2013.05.03.12.27.49 CHROME:26.0.1410.43 whowho aws-26550@GwtRpcServiceServlet: using moduleBaseURL https://mtp.aws.company.local/myApp-2013.05.03.12.27.49/MyAppEntrypoint/
2013-05-03 13:29:41,977 INFO  myApp-2013.05.03.12.27.49 v2013.05.03.12.27.49 CHROME:26.0.1410.43 whowho aws-49a89-backend@GwtRpcServiceServlet: using moduleBaseURL https://mtp.aws.company.local/myApp-2013.05.03.12.27.49/MyAppEntrypoint/
2013-05-03 13:30:17,314 INFO  myApp-2013.05.03.12.27.49 v2013.05.03.12.27.49 CHROME:26.0.1410.43 whowho aws-1943c@GwtRpcServiceServlet: using moduleBaseURL https://mtp.aws.company.local/myApp-2013.05.03.12.27.49/MyAppEntrypoint/
2013-05-03 13:30:17,379 INFO  myApp-2013.05.03.12.27.49 v2013.05.03.12.27.49 CHROME:26.0.1410.43 whowho aws-1943c@PartialFileRepositoryRemoteServiceImpl: ZMP start partialfileSpeichern Repository: cor-id:1367580617379
2013-05-03 13:30:17,438 INFO  myApp-2013.05.03.12.27.49 v2013.05.03.12.27.49 CHROME:26.0.1410.43 whowho aws-1943c@PartialFileRepositoryRemoteServiceImpl: ZMP partialfileSpeichern Repository: cor-id:1367580617379 0,028
2013-05-03 13:30:17,479 WARN      @gwt-log: Servlet configuration parameter 'symbolMaps' specifies directory 'WEB-INF/deploy/MyAppWebapp/symbolMaps' which does not exist or is not relative to your server's current working directory '/usr/tomcat/apache-tomcat-log4j-6.0.35'
2013-05-03 13:30:17,479 WARN      @gwt-log: In order to enable stack trace deobfuscation, please specify the 'symbolMaps' <init-param> for the com.allen_sauer.gwt.log.server.RemoteLoggerServlet servlet in your web.xml
2013-05-03 13:30:17,480 INFO      @GwtLogServlet: adding symbolMap  {symbolMaps_0 -> /opt/instances/aws/tomcat/webapps/myApp-2013.05.03.12.27.49/WEB-INF/deploy/MyAppEntrypoint/symbolMaps}
2013-05-03 13:30:17,950 WARN      @gwt-log: Servlet configuration parameter 'symbolMaps' specifies directory '/opt/instances/aws/tomcat/webapps/myApp-2013.05.03.12.27.49/WEB-INF/deploy/MyAppWebapp/symbolMaps' which does not exist or is not relative to your server's current working directory '/usr/tomcat/apache-tomcat-log4j-6.0.35'
2013-05-03 13:30:17,955 INFO  myApp-2013.05.03.12.27.49 v2013.05.03.12.27.49 CHROME:26.0.1410.43 whowho aws-c6003-backend@GwtLogServlet$1: using moduleBaseURL https://mtp.aws.company.local/myApp-2013.05.03.12.27.49/MyAppEntrypoint/
2013-05-03 13:30:17,977 INFO  myApp-2013.05.03.12.27.49 v2013.05.03.12.27.49 CHROME:26.0.1410.43 whowho aws-c6003-backend@gwt-log: de.company.aws.myapp.frontend.partialfile.PartialFileRepositoryActionImpl (Benutzer whowho, LoggingId LoggingId=aws-18770): ZMP partialfileSpeichern LoggingId: LoggingId=aws-1943c (start)cor-id:1367580617282/0,013
2013-05-03 13:30:42,609 INFO  myApp-2013.05.03.12.27.49 v2013.05.03.12.27.49 CHROME:26.0.1410.43 whowho aws-1e175-backend@gwt-log: de.company.aws.myapp.frontend.partialfile.PartialFileRepositoryActionImpl (Benutzer whowho, LoggingId LoggingId=aws-71da3): ZMP partialfileSpeichern LoggingId: LoggingId=aws-2df6b (start)cor-id:1367580642471/0,012
2013-05-03 13:30:42,882 INFO  myApp-2013.05.03.12.27.49 v2013.05.03.12.27.49 CHROME:26.0.1410.43 whowho aws-17bb8-backend@gwt-log: de.company.aws.myapp.frontend.partialfile.PartialFileRepositoryActionImpl (Benutzer whowho, LoggingId LoggingId=aws-37665): ZMP partialfileSpeichern LoggingId: LoggingId=aws-2df6b (success) cor-id:1367580642471/0,012
2013-05-03 13:33:23,002 INFO  myApp-2013.05.03.12.27.49 v2013.05.03.12.27.49 CHROME:26.0.1410.43 whowho aws-223a4@PartialFileRepositoryRemoteServiceImpl: ZMP start partialfileSpeichern Repository: cor-id:1367580803002
2013-05-03 13:33:23,033 INFO  myApp-2013.05.03.12.27.49 v2013.05.03.12.27.49 CHROME:26.0.1410.43 whowho aws-223a4@PartialFileRepositoryRemoteServiceImpl: ZMP partialfileSpeichern Repository: cor-id:1367580803002 0,021
2013-05-03 13:53:48,853 INFO      @MonitoringLogger: {"Type":"STATISTIC","Message":"User agent","Browser":"Firefox 2 mit Version 20.0","OS":"Linux","Device":"COMPUTER","IP":"80.86.168.50"}
2013-05-03 13:53:52,542 INFO  appTwo-2013.05.03.12.27.49 v2013.05.03.12.27.49 FIREFOX2:20.0  aws-30949-backend@LdapRepositoryImpl: Benutzer whowho has joined group aws-community-mitglieder-ldap
2013-05-03 13:53:52,543 INFO  appTwo-2013.05.03.12.27.49 v2013.05.03.12.27.49 FIREFOX2:20.0  aws-30949-backend@MonitoringLogger: {"Type":"CONTROLLING","Message":"Benutzer eingeloggt","EingeloggterBenutzer":"whowhoVorname whowhoNachname","BenutzerName":"whowho","Browser":"Firefox 2 mit Version 20.0","OS":"Linux","Device":"Computer"}
